0 info it worked if it ends with ok
1 verbose cli [ '/usr/local/Cellar/node/7.2.0/bin/node',
1 verbose cli   '/usr/local/bin/npm',
1 verbose cli   'run',
1 verbose cli   'build:prod' ]
2 info using npm@3.10.9
3 info using node@v7.2.0
4 verbose run-script [ 'prebuild:prod', 'build:prod', 'postbuild:prod' ]
5 info lifecycle angular-spa@0.0.1~prebuild:prod: angular-spa@0.0.1
6 silly lifecycle angular-spa@0.0.1~prebuild:prod: no script for prebuild:prod, continuing
7 info lifecycle angular-spa@0.0.1~build:prod: angular-spa@0.0.1
8 verbose lifecycle angular-spa@0.0.1~build:prod: unsafe-perm in lifecycle true
9 verbose lifecycle angular-spa@0.0.1~build:prod: PATH: /usr/local/lib/node_modules/npm/bin/node-gyp-bin:/Users/DJ/Documents/work/ikarins_front_end/node_modules/.bin:/usr/local/Cellar/node/7.2.0/bin:/Users/DJ/.rbenv/shims:/Users/DJ/.rbenv/bin:/usr/local/sbin:/usr/local/bin:/usr/bin:/bin:/usr/sbin:/sbin:/Library/Frameworks/Mono.framework/Versions/Current/Commands
10 verbose lifecycle angular-spa@0.0.1~build:prod: CWD: /Users/DJ/Documents/work/ikarins_front_end
11 silly lifecycle angular-spa@0.0.1~build:prod: Args: [ '-c',
11 silly lifecycle   'NODE_ENV=production webpack -p --config config/webpack.prod.js --optimize-minimize --optimize-max-chunks 15 --optimize-min-chunk-size 10000 && node -e "require(\'./scripts/imageUpdator.js\').optimiseImages();"' ]
12 silly lifecycle angular-spa@0.0.1~build:prod: Returned: code: 1  signal: null
13 info lifecycle angular-spa@0.0.1~build:prod: Failed to exec build:prod script
14 verbose stack Error: angular-spa@0.0.1 build:prod: `NODE_ENV=production webpack -p --config config/webpack.prod.js --optimize-minimize --optimize-max-chunks 15 --optimize-min-chunk-size 10000 && node -e "require('./scripts/imageUpdator.js').optimiseImages();"`
14 verbose stack Exit status 1
14 verbose stack     at EventEmitter.<anonymous> (/usr/local/lib/node_modules/npm/lib/utils/lifecycle.js:255:16)
14 verbose stack     at emitTwo (events.js:106:13)
14 verbose stack     at EventEmitter.emit (events.js:191:7)
14 verbose stack     at ChildProcess.<anonymous> (/usr/local/lib/node_modules/npm/lib/utils/spawn.js:40:14)
14 verbose stack     at emitTwo (events.js:106:13)
14 verbose stack     at ChildProcess.emit (events.js:191:7)
14 verbose stack     at maybeClose (internal/child_process.js:885:16)
14 verbose stack     at Process.ChildProcess._handle.onexit (internal/child_process.js:226:5)
15 verbose pkgid angular-spa@0.0.1
16 verbose cwd /Users/DJ/Documents/work/ikarins_front_end
17 error Darwin 16.4.0
18 error argv "/usr/local/Cellar/node/7.2.0/bin/node" "/usr/local/bin/npm" "run" "build:prod"
19 error node v7.2.0
20 error npm  v3.10.9
21 error code ELIFECYCLE
22 error angular-spa@0.0.1 build:prod: `NODE_ENV=production webpack -p --config config/webpack.prod.js --optimize-minimize --optimize-max-chunks 15 --optimize-min-chunk-size 10000 && node -e "require('./scripts/imageUpdator.js').optimiseImages();"`
22 error Exit status 1
23 error Failed at the angular-spa@0.0.1 build:prod script 'NODE_ENV=production webpack -p --config config/webpack.prod.js --optimize-minimize --optimize-max-chunks 15 --optimize-min-chunk-size 10000 && node -e "require('./scripts/imageUpdator.js').optimiseImages();"'.
23 error Make sure you have the latest version of node.js and npm installed.
23 error If you do, this is most likely a problem with the angular-spa package,
23 error not with npm itself.
23 error Tell the author that this fails on your system:
23 error     NODE_ENV=production webpack -p --config config/webpack.prod.js --optimize-minimize --optimize-max-chunks 15 --optimize-min-chunk-size 10000 && node -e "require('./scripts/imageUpdator.js').optimiseImages();"
23 error You can get information on how to open an issue for this project with:
23 error     npm bugs angular-spa
23 error Or if that isn't available, you can get their info via:
23 error     npm owner ls angular-spa
23 error There is likely additional logging output above.
24 verbose exit [ 1, true ]
